{
  "RSpec": {
    "coverage": {
      "/Users/kavitak/makers_academy/tech-tests/bank_tech_test2/spec/account_spec.rb": [
        1,
        null,
        1,
        1,
        null,
        null,
        null
      ],
      "/Users/kavitak/makers_academy/tech-tests/bank_tech_test2/lib/account.rb": [
        1,
        1,
        1,
        1,
        null,
        1,
        null,
        1,
        2,
        null,
        null,
        1,
        1,
        null,
        null,
        1,
        1,
        null,
        null,
        1,
        null,
        1,
        1,
        1,
        null,
        null,
        1,
        1,
        null,
        null,
        null
      ],
      "/Users/kavitak/makers_academy/tech-tests/bank_tech_test2/lib/withdraw.rb": [
        1,
        null,
        1,
        1,
        null,
        1,
        null,
        null,
        null,
        1,
        2,
        null,
        null,
        1,
        2,
        null,
        null,
        1,
        null,
        1,
        3,
        3,
        null,
        null,
        null
      ],
      "/Users/kavitak/makers_academy/tech-tests/bank_tech_test2/lib/deposit.rb": [
        1,
        null,
        1,
        1,
        null,
        1,
        3,
        null,
        null,
        1,
        null,
        null,
        null,
        1,
        4,
        null,
        null,
        1,
        null,
        1,
        4,
        4,
        null,
        null,
        null
      ],
      "/Users/kavitak/makers_academy/tech-tests/bank_tech_test2/lib/transactions.rb": [
        1,
        null,
        1,
        null,
        1,
        1,
        null,
        null,
        1,
        3,
        null,
        null,
        null
      ],
      "/Users/kavitak/makers_academy/tech-tests/bank_tech_test2/lib/statement.rb": [
        1,
        null,
        1,
        null,
        1,
        1,
        1,
        null,
        null,
        1,
        null,
        1,
        1,
        1,
        3,
        null,
        null,
        null,
        1,
        3,
        null,
        null,
        1,
        1,
        3,
        null,
        null,
        null,
        null,
        null,
        null,
        1,
        9,
        null,
        null,
        1,
        6,
        null,
        null,
        null
      ],
      "/Users/kavitak/makers_academy/tech-tests/bank_tech_test2/spec/deposit_spec.rb": [
        1,
        null,
        1,
        3,
        3,
        null,
        1,
        1,
        null,
        null,
        1,
        1,
        null,
        null,
        null
      ],
      "/Users/kavitak/makers_academy/tech-tests/bank_tech_test2/spec/features/feature_spec.rb": [
        1,
        null,
        1,
        1,
        1,
        1,
        1
      ],
      "/Users/kavitak/makers_academy/tech-tests/bank_tech_test2/spec/withdraw_spec.rb": [
        1,
        null,
        1,
        3,
        3,
        null,
        1,
        1,
        null,
        null,
        1,
        1,
        null,
        null,
        null
      ]
    },
    "timestamp": 1499839249
  }
}
