{
  "RSpec": {
    "coverage": {
      "/Users/kavitak/makers_academy/tech-tests/bank_tech_test2/spec/account_spec.rb": [
        1,
        null,
        1,
        1,
        1,
        null,
        1,
        1,
        null,
        null,
        null,
        null,
        null
      ],
      "/Users/kavitak/makers_academy/tech-tests/bank_tech_test2/lib/account.rb": [
        1,
        1,
        null,
        1,
        null,
        1,
        1,
        1,
        null,
        null,
        1,
        1,
        null,
        null,
        1,
        1,
        null,
        null,
        1,
        1,
        null,
        null,
        null
      ],
      "/Users/kavitak/makers_academy/tech-tests/bank_tech_test2/lib/transactions.rb": [
        1,
        null,
        1,
        null,
        1,
        null,
        1,
        1,
        null,
        null,
        1,
        1,
        null,
        null,
        null,
        1,
        null,
        1,
        1,
        null,
        null,
        1,
        2,
        null,
        null,
        null
      ],
      "/Users/kavitak/makers_academy/tech-tests/bank_tech_test2/lib/statement.rb": [
        1,
        null,
        1,
        1,
        1,
        null,
        null,
        null,
        1,
        1,
        null,
        null,
        1,
        0,
        null,
        null,
        1,
        0,
        null,
        null,
        null,
        null,
        null
      ],
      "/Users/kavitak/makers_academy/tech-tests/bank_tech_test2/spec/features/feature_spec.rb": [
        1,
        null,
        1,
        1,
        1,
        1
      ],
      "/Users/kavitak/makers_academy/tech-tests/bank_tech_test2/spec/statement_spec.rb": [
        1,
        null,
        0,
        0,
        null,
        0,
        null,
        null,
        null
      ],
      "/Users/kavitak/makers_academy/tech-tests/bank_tech_test2/spec/transactions_spec.rb": [
        1,
        null,
        1,
        1,
        1,
        null,
        1,
        1,
        0,
        null,
        null,
        null,
        1,
        1,
        0,
        null,
        null,
        null
      ]
    },
    "timestamp": 1499781212
  }
}
